  audio.cpp
  audioEngine.cpp
  battleScene.cpp
C:\Users\Willthunder\Documents\GitHub\Placeholder-Fantasy\GPPAssignment\GPPAssignment\Image.h(53,51): warning C4244: 'return': conversion from 'float' to 'int', possible loss of data
C:\Users\Willthunder\Documents\GitHub\Placeholder-Fantasy\GPPAssignment\GPPAssignment\Image.h(54,53): warning C4244: 'return': conversion from 'float' to 'int', possible loss of data
C:\Users\Willthunder\Documents\GitHub\Placeholder-Fantasy\GPPAssignment\GPPAssignment\battleScene.cpp(40,12): warning C4244: 'argument': conversion from 'time_t' to 'unsigned int', possible loss of data
C:\Users\Willthunder\Documents\GitHub\Placeholder-Fantasy\GPPAssignment\GPPAssignment\battleScene.cpp(102,51): warning C4244: 'argument': conversion from 'int' to 'float', possible loss of data
C:\Users\Willthunder\Documents\GitHub\Placeholder-Fantasy\GPPAssignment\GPPAssignment\battleScene.cpp(110,29): warning C4244: '=': conversion from 'double' to 'float', possible loss of data
  battleUI.cpp
C:\Users\Willthunder\Documents\GitHub\Placeholder-Fantasy\GPPAssignment\GPPAssignment\image.h(53,51): warning C4244: 'return': conversion from 'float' to 'int', possible loss of data
C:\Users\Willthunder\Documents\GitHub\Placeholder-Fantasy\GPPAssignment\GPPAssignment\image.h(54,53): warning C4244: 'return': conversion from 'float' to 'int', possible loss of data
C:\Users\Willthunder\Documents\GitHub\Placeholder-Fantasy\GPPAssignment\GPPAssignment\battleUI.cpp(41,20): warning C4018: '<': signed/unsigned mismatch
C:\Users\Willthunder\Documents\GitHub\Placeholder-Fantasy\GPPAssignment\GPPAssignment\battleUI.cpp(60,32): warning C4244: 'argument': conversion from 'int' to 'float', possible loss of data
C:\Users\Willthunder\Documents\GitHub\Placeholder-Fantasy\GPPAssignment\GPPAssignment\battleUI.cpp(61,29): warning C4244: 'argument': conversion from 'int' to 'float', possible loss of data
C:\Users\Willthunder\Documents\GitHub\Placeholder-Fantasy\GPPAssignment\GPPAssignment\battleUI.cpp(53,84): warning C4390: ';': empty controlled statement found; is this the intent?
C:\Users\Willthunder\Documents\GitHub\Placeholder-Fantasy\GPPAssignment\GPPAssignment\battleUI.cpp(54,87): warning C4390: ';': empty controlled statement found; is this the intent?
C:\Users\Willthunder\Documents\GitHub\Placeholder-Fantasy\GPPAssignment\GPPAssignment\battleUI.cpp(98,22): warning C4018: '<': signed/unsigned mismatch
C:\Users\Willthunder\Documents\GitHub\Placeholder-Fantasy\GPPAssignment\GPPAssignment\battleUI.cpp(131,20): warning C4018: '<': signed/unsigned mismatch
C:\Users\Willthunder\Documents\GitHub\Placeholder-Fantasy\GPPAssignment\GPPAssignment\battleUI.cpp(134,39): warning C4244: 'argument': conversion from 'int' to 'float', possible loss of data
C:\Users\Willthunder\Documents\GitHub\Placeholder-Fantasy\GPPAssignment\GPPAssignment\battleUI.cpp(140,20): warning C4018: '<': signed/unsigned mismatch
C:\Users\Willthunder\Documents\GitHub\Placeholder-Fantasy\GPPAssignment\GPPAssignment\battleUI.cpp(143,66): warning C4244: 'argument': conversion from 'int' to 'float', possible loss of data
C:\Users\Willthunder\Documents\GitHub\Placeholder-Fantasy\GPPAssignment\GPPAssignment\battleUI.cpp(154,14): warning C4244: 'initializing': conversion from 'unsigned int' to 'float', possible loss of data
C:\Users\Willthunder\Documents\GitHub\Placeholder-Fantasy\GPPAssignment\GPPAssignment\battleUI.cpp(156,20): warning C4018: '<': signed/unsigned mismatch
C:\Users\Willthunder\Documents\GitHub\Placeholder-Fantasy\GPPAssignment\GPPAssignment\battleUI.cpp(167,14): warning C4244: 'initializing': conversion from 'unsigned int' to 'float', possible loss of data
C:\Users\Willthunder\Documents\GitHub\Placeholder-Fantasy\GPPAssignment\GPPAssignment\battleUI.cpp(169,20): warning C4018: '<': signed/unsigned mismatch
C:\Users\Willthunder\Documents\GitHub\Placeholder-Fantasy\GPPAssignment\GPPAssignment\battleUI.cpp(194,20): warning C4018: '<': signed/unsigned mismatch
C:\Users\Willthunder\Documents\GitHub\Placeholder-Fantasy\GPPAssignment\GPPAssignment\battleUI.cpp(199,20): warning C4018: '<': signed/unsigned mismatch
C:\Users\Willthunder\Documents\GitHub\Placeholder-Fantasy\GPPAssignment\GPPAssignment\battleUI.cpp(242,41): warning C4244: 'argument': conversion from 'int' to 'float', possible loss of data
C:\Users\Willthunder\Documents\GitHub\Placeholder-Fantasy\GPPAssignment\GPPAssignment\battleUI.cpp(243,38): warning C4244: 'argument': conversion from 'int' to 'float', possible loss of data
C:\Users\Willthunder\Documents\GitHub\Placeholder-Fantasy\GPPAssignment\GPPAssignment\battleUI.cpp(274,52): warning C4244: 'argument': conversion from 'int' to 'float', possible loss of data
C:\Users\Willthunder\Documents\GitHub\Placeholder-Fantasy\GPPAssignment\GPPAssignment\battleUI.cpp(281,52): warning C4244: 'argument': conversion from 'int' to 'float', possible loss of data
  character.cpp
C:\Users\Willthunder\Documents\GitHub\Placeholder-Fantasy\GPPAssignment\GPPAssignment\image.h(53,51): warning C4244: 'return': conversion from 'float' to 'int', possible loss of data
C:\Users\Willthunder\Documents\GitHub\Placeholder-Fantasy\GPPAssignment\GPPAssignment\image.h(54,53): warning C4244: 'return': conversion from 'float' to 'int', possible loss of data
C:\Users\Willthunder\Documents\GitHub\Placeholder-Fantasy\GPPAssignment\GPPAssignment\character.cpp(210,48): warning C4244: 'argument': conversion from 'double' to 'FLOAT', possible loss of data
C:\Users\Willthunder\Documents\GitHub\Placeholder-Fantasy\GPPAssignment\GPPAssignment\character.cpp(210,25): warning C4244: 'argument': conversion from 'double' to 'FLOAT', possible loss of data
C:\Users\Willthunder\Documents\GitHub\Placeholder-Fantasy\GPPAssignment\GPPAssignment\character.cpp(211,49): warning C4244: 'argument': conversion from 'double' to 'FLOAT', possible loss of data
C:\Users\Willthunder\Documents\GitHub\Placeholder-Fantasy\GPPAssignment\GPPAssignment\character.cpp(211,22): warning C4244: 'argument': conversion from 'double' to 'FLOAT', possible loss of data
  characterBattleManager.cpp
C:\Users\Willthunder\Documents\GitHub\Placeholder-Fantasy\GPPAssignment\GPPAssignment\image.h(53,51): warning C4244: 'return': conversion from 'float' to 'int', possible loss of data
C:\Users\Willthunder\Documents\GitHub\Placeholder-Fantasy\GPPAssignment\GPPAssignment\image.h(54,53): warning C4244: 'return': conversion from 'float' to 'int', possible loss of data
C:\Users\Willthunder\Documents\GitHub\Placeholder-Fantasy\GPPAssignment\GPPAssignment\characterBattleManager.cpp(18,86): warning C4305: 'initializing': truncation from 'double' to 'float'
C:\Users\Willthunder\Documents\GitHub\Placeholder-Fantasy\GPPAssignment\GPPAssignment\characterBattleManager.cpp(19,86): warning C4305: 'initializing': truncation from 'double' to 'float'
C:\Users\Willthunder\Documents\GitHub\Placeholder-Fantasy\GPPAssignment\GPPAssignment\characterBattleManager.cpp(20,87): warning C4305: 'initializing': truncation from 'double' to 'float'
C:\Users\Willthunder\Documents\GitHub\Placeholder-Fantasy\GPPAssignment\GPPAssignment\characterBattleManager.cpp(21,87): warning C4305: 'initializing': truncation from 'double' to 'float'
C:\Users\Willthunder\Documents\GitHub\Placeholder-Fantasy\GPPAssignment\GPPAssignment\characterBattleManager.cpp(23,83): warning C4305: 'initializing': truncation from 'double' to 'float'
C:\Users\Willthunder\Documents\GitHub\Placeholder-Fantasy\GPPAssignment\GPPAssignment\characterBattleManager.cpp(24,83): warning C4305: 'initializing': truncation from 'double' to 'float'
C:\Users\Willthunder\Documents\GitHub\Placeholder-Fantasy\GPPAssignment\GPPAssignment\characterBattleManager.cpp(25,84): warning C4305: 'initializing': truncation from 'double' to 'float'
C:\Users\Willthunder\Documents\GitHub\Placeholder-Fantasy\GPPAssignment\GPPAssignment\characterBattleManager.cpp(26,84): warning C4305: 'initializing': truncation from 'double' to 'float'
C:\Users\Willthunder\Documents\GitHub\Placeholder-Fantasy\GPPAssignment\GPPAssignment\characterBattleManager.cpp(44,20): warning C4018: '<': signed/unsigned mismatch
C:\Users\Willthunder\Documents\GitHub\Placeholder-Fantasy\GPPAssignment\GPPAssignment\characterBattleManager.cpp(48,24): warning C4244: 'initializing': conversion from 'int' to 'float', possible loss of data
C:\Users\Willthunder\Documents\GitHub\Placeholder-Fantasy\GPPAssignment\GPPAssignment\characterBattleManager.cpp(49,25): warning C4244: 'initializing': conversion from 'int' to 'float', possible loss of data
C:\Users\Willthunder\Documents\GitHub\Placeholder-Fantasy\GPPAssignment\GPPAssignment\characterBattleManager.cpp(68,20): warning C4018: '<': signed/unsigned mismatch
  game.cpp
C:\Users\Willthunder\Documents\GitHub\Placeholder-Fantasy\GPPAssignment\GPPAssignment\Image.h(53,51): warning C4244: 'return': conversion from 'float' to 'int', possible loss of data
C:\Users\Willthunder\Documents\GitHub\Placeholder-Fantasy\GPPAssignment\GPPAssignment\Image.h(54,53): warning C4244: 'return': conversion from 'float' to 'int', possible loss of data
  graphics.cpp
  image.cpp
C:\Users\Willthunder\Documents\GitHub\Placeholder-Fantasy\GPPAssignment\GPPAssignment\Image.h(53,51): warning C4244: 'return': conversion from 'float' to 'int', possible loss of data
C:\Users\Willthunder\Documents\GitHub\Placeholder-Fantasy\GPPAssignment\GPPAssignment\Image.h(54,53): warning C4244: 'return': conversion from 'float' to 'int', possible loss of data
  input.cpp
  overworld.cpp
C:\Users\Willthunder\Documents\GitHub\Placeholder-Fantasy\GPPAssignment\GPPAssignment\Image.h(53,51): warning C4244: 'return': conversion from 'float' to 'int', possible loss of data
C:\Users\Willthunder\Documents\GitHub\Placeholder-Fantasy\GPPAssignment\GPPAssignment\Image.h(54,53): warning C4244: 'return': conversion from 'float' to 'int', possible loss of data
C:\Users\Willthunder\Documents\GitHub\Placeholder-Fantasy\GPPAssignment\GPPAssignment\overworld.cpp(155,83): warning C4244: 'argument': conversion from 'int' to 'float', possible loss of data
C:\Users\Willthunder\Documents\GitHub\Placeholder-Fantasy\GPPAssignment\GPPAssignment\overworld.cpp(156,84): warning C4244: 'argument': conversion from 'int' to 'float', possible loss of data
C:\Users\Willthunder\Documents\GitHub\Placeholder-Fantasy\GPPAssignment\GPPAssignment\overworld.cpp(190,37): warning C4244: 'argument': conversion from 'int' to 'float', possible loss of data
C:\Users\Willthunder\Documents\GitHub\Placeholder-Fantasy\GPPAssignment\GPPAssignment\overworld.cpp(191,38): warning C4244: 'argument': conversion from 'int' to 'float', possible loss of data
  pauseMenu.cpp
C:\Users\Willthunder\Documents\GitHub\Placeholder-Fantasy\GPPAssignment\GPPAssignment\Image.h(53,51): warning C4244: 'return': conversion from 'float' to 'int', possible loss of data
C:\Users\Willthunder\Documents\GitHub\Placeholder-Fantasy\GPPAssignment\GPPAssignment\Image.h(54,53): warning C4244: 'return': conversion from 'float' to 'int', possible loss of data
C:\Users\Willthunder\Documents\GitHub\Placeholder-Fantasy\GPPAssignment\GPPAssignment\pauseMenu.cpp(35,63): warning C4244: 'initializing': conversion from 'UINT' to 'float', possible loss of data
C:\Users\Willthunder\Documents\GitHub\Placeholder-Fantasy\GPPAssignment\GPPAssignment\pauseMenu.cpp(35,38): warning C4244: 'initializing': conversion from 'UINT' to 'const float', possible loss of data
C:\Users\Willthunder\Documents\GitHub\Placeholder-Fantasy\GPPAssignment\GPPAssignment\pauseMenu.cpp(36,61): warning C4244: 'initializing': conversion from 'UINT' to 'float', possible loss of data
C:\Users\Willthunder\Documents\GitHub\Placeholder-Fantasy\GPPAssignment\GPPAssignment\pauseMenu.cpp(36,37): warning C4244: 'initializing': conversion from 'UINT' to 'const float', possible loss of data
C:\Users\Willthunder\Documents\GitHub\Placeholder-Fantasy\GPPAssignment\GPPAssignment\pauseMenu.cpp(46,58): warning C4244: 'argument': conversion from 'const float' to 'int', possible loss of data
C:\Users\Willthunder\Documents\GitHub\Placeholder-Fantasy\GPPAssignment\GPPAssignment\pauseMenu.cpp(55,23): warning C4018: '<': signed/unsigned mismatch
C:\Users\Willthunder\Documents\GitHub\Placeholder-Fantasy\GPPAssignment\GPPAssignment\pauseMenu.cpp(65,36): warning C4244: 'argument': conversion from 'int' to 'float', possible loss of data
C:\Users\Willthunder\Documents\GitHub\Placeholder-Fantasy\GPPAssignment\GPPAssignment\pauseMenu.cpp(66,33): warning C4244: 'argument': conversion from 'int' to 'float', possible loss of data
C:\Users\Willthunder\Documents\GitHub\Placeholder-Fantasy\GPPAssignment\GPPAssignment\pauseMenu.cpp(97,43): warning C4244: 'argument': conversion from 'int' to 'float', possible loss of data
C:\Users\Willthunder\Documents\GitHub\Placeholder-Fantasy\GPPAssignment\GPPAssignment\pauseMenu.cpp(103,43): warning C4244: 'argument': conversion from 'int' to 'float', possible loss of data
  sceneManager.cpp
C:\Users\Willthunder\Documents\GitHub\Placeholder-Fantasy\GPPAssignment\GPPAssignment\image.h(53,51): warning C4244: 'return': conversion from 'float' to 'int', possible loss of data
C:\Users\Willthunder\Documents\GitHub\Placeholder-Fantasy\GPPAssignment\GPPAssignment\image.h(54,53): warning C4244: 'return': conversion from 'float' to 'int', possible loss of data
  startingMenu.cpp
C:\Users\Willthunder\Documents\GitHub\Placeholder-Fantasy\GPPAssignment\GPPAssignment\Image.h(53,51): warning C4244: 'return': conversion from 'float' to 'int', possible loss of data
C:\Users\Willthunder\Documents\GitHub\Placeholder-Fantasy\GPPAssignment\GPPAssignment\Image.h(54,53): warning C4244: 'return': conversion from 'float' to 'int', possible loss of data
C:\Users\Willthunder\Documents\GitHub\Placeholder-Fantasy\GPPAssignment\GPPAssignment\startingMenu.cpp(45,63): warning C4244: 'initializing': conversion from 'UINT' to 'float', possible loss of data
C:\Users\Willthunder\Documents\GitHub\Placeholder-Fantasy\GPPAssignment\GPPAssignment\startingMenu.cpp(45,38): warning C4244: 'initializing': conversion from 'UINT' to 'const float', possible loss of data
C:\Users\Willthunder\Documents\GitHub\Placeholder-Fantasy\GPPAssignment\GPPAssignment\startingMenu.cpp(46,61): warning C4244: 'initializing': conversion from 'UINT' to 'float', possible loss of data
C:\Users\Willthunder\Documents\GitHub\Placeholder-Fantasy\GPPAssignment\GPPAssignment\startingMenu.cpp(46,37): warning C4244: 'initializing': conversion from 'UINT' to 'const float', possible loss of data
C:\Users\Willthunder\Documents\GitHub\Placeholder-Fantasy\GPPAssignment\GPPAssignment\startingMenu.cpp(53,58): warning C4244: 'argument': conversion from 'const float' to 'int', possible loss of data
C:\Users\Willthunder\Documents\GitHub\Placeholder-Fantasy\GPPAssignment\GPPAssignment\startingMenu.cpp(58,55): warning C4244: 'argument': conversion from 'const float' to 'int', possible loss of data
C:\Users\Willthunder\Documents\GitHub\Placeholder-Fantasy\GPPAssignment\GPPAssignment\startingMenu.cpp(63,54): warning C4244: 'argument': conversion from 'const float' to 'int', possible loss of data
C:\Users\Willthunder\Documents\GitHub\Placeholder-Fantasy\GPPAssignment\GPPAssignment\startingMenu.cpp(71,23): warning C4018: '<': signed/unsigned mismatch
C:\Users\Willthunder\Documents\GitHub\Placeholder-Fantasy\GPPAssignment\GPPAssignment\startingMenu.cpp(81,36): warning C4244: 'argument': conversion from 'int' to 'float', possible loss of data
C:\Users\Willthunder\Documents\GitHub\Placeholder-Fantasy\GPPAssignment\GPPAssignment\startingMenu.cpp(82,33): warning C4244: 'argument': conversion from 'int' to 'float', possible loss of data
C:\Users\Willthunder\Documents\GitHub\Placeholder-Fantasy\GPPAssignment\GPPAssignment\startingMenu.cpp(127,43): warning C4244: 'argument': conversion from 'int' to 'float', possible loss of data
C:\Users\Willthunder\Documents\GitHub\Placeholder-Fantasy\GPPAssignment\GPPAssignment\startingMenu.cpp(137,43): warning C4244: 'argument': conversion from 'int' to 'float', possible loss of data
  textDX.cpp
  texturemanager.cpp
  userinterface.cpp
C:\Users\Willthunder\Documents\GitHub\Placeholder-Fantasy\GPPAssignment\GPPAssignment\image.h(53,51): warning C4244: 'return': conversion from 'float' to 'int', possible loss of data
C:\Users\Willthunder\Documents\GitHub\Placeholder-Fantasy\GPPAssignment\GPPAssignment\image.h(54,53): warning C4244: 'return': conversion from 'float' to 'int', possible loss of data
  winmain.cpp
C:\Users\Willthunder\Documents\GitHub\Placeholder-Fantasy\GPPAssignment\GPPAssignment\image.h(53,51): warning C4244: 'return': conversion from 'float' to 'int', possible loss of data
C:\Users\Willthunder\Documents\GitHub\Placeholder-Fantasy\GPPAssignment\GPPAssignment\image.h(54,53): warning C4244: 'return': conversion from 'float' to 'int', possible loss of data
  Generating Code...
C:\Users\Willthunder\Documents\GitHub\Placeholder-Fantasy\GPPAssignment\GPPAssignment\gameState.h(46): warning C4715: 'GameState::getFloatFromState': not all control paths return a value
  GPPAssignment.vcxproj -> C:\Users\Willthunder\Documents\GitHub\Placeholder-Fantasy\GPPAssignment\Debug\GPPAssignment.exe
