c:\users\jason\documents\github\placeholder-fantasy\gppassignment\gppassignment\debug\vc143.pdb
c:\users\jason\documents\github\placeholder-fantasy\gppassignment\gppassignment\debug\vc143.idb
c:\users\jason\documents\github\placeholder-fantasy\gppassignment\gppassignment\debug\player.obj
c:\users\jason\documents\github\placeholder-fantasy\gppassignment\gppassignment\debug\pausemenu.obj
c:\users\jason\documents\github\placeholder-fantasy\gppassignment\gppassignment\debug\battlescene.obj
c:\users\jason\documents\github\placeholder-fantasy\gppassignment\gppassignment\debug\overworld.obj
c:\users\jason\documents\github\placeholder-fantasy\gppassignment\gppassignment\debug\menulist.obj
c:\users\jason\documents\github\placeholder-fantasy\gppassignment\gppassignment\debug\mail.obj
c:\users\jason\documents\github\placeholder-fantasy\gppassignment\gppassignment\debug\interactable.obj
c:\users\jason\documents\github\placeholder-fantasy\gppassignment\gppassignment\debug\input.obj
c:\users\jason\documents\github\placeholder-fantasy\gppassignment\gppassignment\debug\image.obj
c:\users\jason\documents\github\placeholder-fantasy\gppassignment\gppassignment\debug\graphics.obj
c:\users\jason\documents\github\placeholder-fantasy\gppassignment\gppassignment\debug\gamestate.obj
c:\users\jason\documents\github\placeholder-fantasy\gppassignment\gppassignment\debug\game.obj
c:\users\jason\documents\github\placeholder-fantasy\gppassignment\gppassignment\debug\entitymanagerv2.obj
c:\users\jason\documents\github\placeholder-fantasy\gppassignment\gppassignment\debug\entitymanager.obj
c:\users\jason\documents\github\placeholder-fantasy\gppassignment\gppassignment\debug\entity.obj
c:\users\jason\documents\github\placeholder-fantasy\gppassignment\gppassignment\debug\characterbattlemanager.obj
c:\users\jason\documents\github\placeholder-fantasy\gppassignment\gppassignment\debug\character.obj
c:\users\jason\documents\github\placeholder-fantasy\gppassignment\gppassignment\debug\battleui.obj
c:\users\jason\documents\github\placeholder-fantasy\gppassignment\gppassignment\debug\audioengine.obj
c:\users\jason\documents\github\placeholder-fantasy\gppassignment\gppassignment\debug\audio.obj
c:\users\jason\documents\github\placeholder-fantasy\gppassignment\gppassignment\debug\world.obj
c:\users\jason\documents\github\placeholder-fantasy\gppassignment\gppassignment\debug\winmain.obj
c:\users\jason\documents\github\placeholder-fantasy\gppassignment\gppassignment\debug\userinterface.obj
c:\users\jason\documents\github\placeholder-fantasy\gppassignment\gppassignment\debug\texturemanager.obj
c:\users\jason\documents\github\placeholder-fantasy\gppassignment\gppassignment\debug\textdx.obj
c:\users\jason\documents\github\placeholder-fantasy\gppassignment\gppassignment\debug\startingmenu.obj
c:\users\jason\documents\github\placeholder-fantasy\gppassignment\gppassignment\debug\scenemanager.obj
c:\users\jason\documents\github\placeholder-fantasy\gppassignment\gppassignment\debug\postoffice.obj
c:\users\jason\documents\github\placeholder-fantasy\gppassignment\debug\gppassignment.exe
c:\users\jason\documents\github\placeholder-fantasy\gppassignment\gppassignment\debug\gppassignment.ilk
c:\users\jason\documents\github\placeholder-fantasy\gppassignment\debug\gppassignment.pdb
c:\users\jason\documents\github\placeholder-fantasy\gppassignment\gppassignment\debug\interactable.obj.enc
c:\users\jason\documents\github\placeholder-fantasy\gppassignment\gppassignment\debug\player.obj.enc
c:\users\jason\documents\github\placeholder-fantasy\gppassignment\gppassignment\debug\startingmenu.obj.enc
c:\users\jason\documents\github\placeholder-fantasy\gppassignment\gppassignment\debug\world.obj.enc
c:\users\jason\documents\github\placeholder-fantasy\gppassignment\gppassignment\debug\gppassignment.tlog\cl.command.1.tlog
c:\users\jason\documents\github\placeholder-fantasy\gppassignment\gppassignment\debug\gppassignment.tlog\cl.read.1.tlog
c:\users\jason\documents\github\placeholder-fantasy\gppassignment\gppassignment\debug\gppassignment.tlog\cl.write.1.tlog
c:\users\jason\documents\github\placeholder-fantasy\gppassignment\gppassignment\debug\gppassignment.tlog\link.command.1.tlog
c:\users\jason\documents\github\placeholder-fantasy\gppassignment\gppassignment\debug\gppassignment.tlog\link.read.1.tlog
c:\users\jason\documents\github\placeholder-fantasy\gppassignment\gppassignment\debug\gppassignment.tlog\link.write.1.tlog
